<?xml version="1.0" encoding="UTF-8"?>
<testsuite xmlns:xsi="http://www.w3.org/2001/XMLSchema-instance" xsi:noNamespaceSchemaLocation="https://maven.apache.org/surefire/maven-surefire-plugin/xsd/surefire-test-report-3.0.xsd" version="3.0" name="org.owasp.webgoat.cia.CIAQuizTest" time="10.312" tests="9" errors="0" skipped="0" failures="0">
  <properties>
[...]
</properties>
  <testcase name="firstAnswerFalseGetResultsReturnsFalseTrueTrueTrue" classname="org.owasp.webgoat.cia.CIAQuizTest" time="0.388"/>
  <testcase name="oneAnswerWrongIsFailure" classname="org.owasp.webgoat.cia.CIAQuizTest" time="0.054"/>
  <testcase name="allAnswersCorrectIsSuccess" classname="org.owasp.webgoat.cia.CIAQuizTest" time="0.018"/>
  <testcase name="secondAnswerFalseGetResultsReturnsTrueFalseTrueTrue" classname="org.owasp.webgoat.cia.CIAQuizTest" time="0.019"/>
  <testcase name="twoAnswersWrongIsFailure" classname="org.owasp.webgoat.cia.CIAQuizTest" time="0.018"/>
  <testcase name="threeAnswersWrongIsFailure" classname="org.owasp.webgoat.cia.CIAQuizTest" time="0.014"/>
  <testcase name="allAnswersCorrectGetResultsReturnsTrueTrueTrueTrue" classname="org.owasp.webgoat.cia.CIAQuizTest" time="0.017"/>
  <testcase name="allAnswersWrongIsFailure" classname="org.owasp.webgoat.cia.CIAQuizTest" time="0.014"/>
  <testcase name="allAnswersFalseGetResultsReturnsFalseFalseFalseFalse" classname="org.owasp.webgoat.cia.CIAQuizTest" time="0.022"/>
</testsuite>